  energymodel.cpp
  instance.cpp
C:\Users\admin\source\repos\FinalPDSTSP1_3_index\instance.cpp(114,19): warning C4244: 'argument': conversion from 'double' to '_Ty', possible loss of data
          with
          [
              _Ty=float
          ]
C:\Users\admin\source\repos\FinalPDSTSP1_3_index\instance.cpp(115,19): warning C4244: 'argument': conversion from 'double' to '_Ty', possible loss of data
          with
          [
              _Ty=float
          ]
C:\Users\admin\source\repos\FinalPDSTSP1_3_index\instance.cpp(116,11): warning C4244: 'initializing': conversion from 'double' to 'float', possible loss of data
C:\Users\admin\source\repos\FinalPDSTSP1_3_index\instance.cpp(239,16): warning C4244: 'initializing': conversion from 'double' to 'float', possible loss of data
  main.cpp
  solver.cpp
C:\Users\admin\source\repos\FinalPDSTSP1_3_index\solver.cpp(76,82): warning C4244: '=': conversion from '_Rep' to 'double', possible loss of data
          with
          [
              _Rep=__int64
          ]
  Generating Code...
  FinalPDSTSP.vcxproj -> C:\Users\admin\source\repos\FinalPDSTSP1_3_index\x64\Debug\FinalPDSTSP.exe
